<?xml version="1.0" encoding="UTF-8"?>
<!-- Generated by org.testng.reporters.JUnitReportReporter -->
<testsuite skipped="0" hostname="Gimhana-PC" name="com.JETBRAINS.AreaCalculatorTest" tests="3" failures="0" timestamp="24 Mar 2017 16:51:12 GMT" time="0.015" errors="0">
  <testcase name="testTestAreaTriangle" time="0.000" classname="com.JETBRAINS.AreaCalculatorTest"/>
  <testcase name="testTestAreaRectangle" time="0.000" classname="com.JETBRAINS.AreaCalculatorTest"/>
  <testcase name="testTestAreaCircle" time="0.015" classname="com.JETBRAINS.AreaCalculatorTest"/>
</testsuite> <!-- com.JETBRAINS.AreaCalculatorTest -->
