<?xml version="1.0" encoding="UTF-8"?>
<!-- Generated by org.testng.reporters.JUnitReportReporter -->
<testsuite skipped="0" hostname="Gimhana-PC" name="com.JETBRAINS.AppTest" tests="1" failures="0" timestamp="24 Mar 2017 16:51:12 GMT" time="0.001" errors="0">
  <testcase name="testApp" time="0.001" classname="com.JETBRAINS.AppTest"/>
</testsuite> <!-- com.JETBRAINS.AppTest -->
